2020-08-29 03:04:36 Notice: Notice (8): Undefined variable: name in [/var/www/html/pocake/src/Controller/UsersController.php, line 20]
Trace:
Cake\Error\BaseErrorHandler::handleError() - CORE/src/Error/BaseErrorHandler.php, line 140
App\Controller\UsersController::view() - APP/Controller/UsersController.php, line 20
Cake\Controller\Controller::invokeAction() - CORE/src/Controller/Controller.php, line 429
Cake\Routing\Dispatcher::_invoke() - CORE/src/Routing/Dispatcher.php, line 114
Cake\Routing\Dispatcher::dispatch() - CORE/src/Routing/Dispatcher.php, line 87
[main] - ROOT/webroot/index.php, line 36



2020-08-29 03:05:28 Notice: Notice (8): Undefined variable: name in [/var/www/html/pocake/src/Controller/UsersController.php, line 21]
Trace:
Cake\Error\BaseErrorHandler::handleError() - CORE/src/Error/BaseErrorHandler.php, line 140
App\Controller\UsersController::view() - APP/Controller/UsersController.php, line 21
Cake\Controller\Controller::invokeAction() - CORE/src/Controller/Controller.php, line 429
Cake\Routing\Dispatcher::_invoke() - CORE/src/Routing/Dispatcher.php, line 114
Cake\Routing\Dispatcher::dispatch() - CORE/src/Routing/Dispatcher.php, line 87
[main] - ROOT/webroot/index.php, line 36



2020-08-29 03:05:31 Notice: Notice (8): Undefined variable: name in [/var/www/html/pocake/src/Controller/UsersController.php, line 21]
Trace:
Cake\Error\BaseErrorHandler::handleError() - CORE/src/Error/BaseErrorHandler.php, line 140
App\Controller\UsersController::view() - APP/Controller/UsersController.php, line 21
Cake\Controller\Controller::invokeAction() - CORE/src/Controller/Controller.php, line 429
Cake\Routing\Dispatcher::_invoke() - CORE/src/Routing/Dispatcher.php, line 114
Cake\Routing\Dispatcher::dispatch() - CORE/src/Routing/Dispatcher.php, line 87
[main] - ROOT/webroot/index.php, line 36



2020-08-29 03:06:11 Notice: Notice (8): Undefined variable: name in [/var/www/html/pocake/src/Controller/UsersController.php, line 21]
Trace:
Cake\Error\BaseErrorHandler::handleError() - CORE/src/Error/BaseErrorHandler.php, line 140
App\Controller\UsersController::view() - APP/Controller/UsersController.php, line 21
Cake\Controller\Controller::invokeAction() - CORE/src/Controller/Controller.php, line 429
Cake\Routing\Dispatcher::_invoke() - CORE/src/Routing/Dispatcher.php, line 114
Cake\Routing\Dispatcher::dispatch() - CORE/src/Routing/Dispatcher.php, line 87
[main] - ROOT/webroot/index.php, line 36



2020-08-29 03:07:53 Notice: Notice (8): Undefined variable: nombre in [/var/www/html/pocake/src/Controller/UsersController.php, line 21]
Trace:
Cake\Error\BaseErrorHandler::handleError() - CORE/src/Error/BaseErrorHandler.php, line 140
App\Controller\UsersController::ver() - APP/Controller/UsersController.php, line 21
Cake\Controller\Controller::invokeAction() - CORE/src/Controller/Controller.php, line 429
Cake\Routing\Dispatcher::_invoke() - CORE/src/Routing/Dispatcher.php, line 114
Cake\Routing\Dispatcher::dispatch() - CORE/src/Routing/Dispatcher.php, line 87
[main] - ROOT/webroot/index.php, line 36



2020-08-29 03:08:52 Notice: Notice (8): Undefined variable: nombre in [/var/www/html/pocake/src/Controller/UsersController.php, line 26]
Trace:
Cake\Error\BaseErrorHandler::handleError() - CORE/src/Error/BaseErrorHandler.php, line 140
App\Controller\UsersController::ver() - APP/Controller/UsersController.php, line 26
Cake\Controller\Controller::invokeAction() - CORE/src/Controller/Controller.php, line 429
Cake\Routing\Dispatcher::_invoke() - CORE/src/Routing/Dispatcher.php, line 114
Cake\Routing\Dispatcher::dispatch() - CORE/src/Routing/Dispatcher.php, line 87
[main] - ROOT/webroot/index.php, line 36



2020-08-29 03:08:53 Notice: Notice (8): Undefined variable: nombre in [/var/www/html/pocake/src/Controller/UsersController.php, line 26]
Trace:
Cake\Error\BaseErrorHandler::handleError() - CORE/src/Error/BaseErrorHandler.php, line 140
App\Controller\UsersController::ver() - APP/Controller/UsersController.php, line 26
Cake\Controller\Controller::invokeAction() - CORE/src/Controller/Controller.php, line 429
Cake\Routing\Dispatcher::_invoke() - CORE/src/Routing/Dispatcher.php, line 114
Cake\Routing\Dispatcher::dispatch() - CORE/src/Routing/Dispatcher.php, line 87
[main] - ROOT/webroot/index.php, line 36



2020-08-29 03:08:53 Notice: Notice (8): Undefined variable: nombre in [/var/www/html/pocake/src/Controller/UsersController.php, line 26]
Trace:
Cake\Error\BaseErrorHandler::handleError() - CORE/src/Error/BaseErrorHandler.php, line 140
App\Controller\UsersController::ver() - APP/Controller/UsersController.php, line 26
Cake\Controller\Controller::invokeAction() - CORE/src/Controller/Controller.php, line 429
Cake\Routing\Dispatcher::_invoke() - CORE/src/Routing/Dispatcher.php, line 114
Cake\Routing\Dispatcher::dispatch() - CORE/src/Routing/Dispatcher.php, line 87
[main] - ROOT/webroot/index.php, line 36



2020-08-30 03:36:34 Notice: Notice (8): Undefined property: Cake\ORM\Query::$email in [/var/www/html/pocake/src/Template/Users/index.ctp, line 6]
Trace:
Cake\Error\BaseErrorHandler::handleError() - CORE/src/Error/BaseErrorHandler.php, line 140
include - APP/Template/Users/index.ctp, line 6
Cake\View\View::_evaluate() - CORE/src/View/View.php, line 984
Cake\View\View::_render() - CORE/src/View/View.php, line 944
Cake\View\View::render() - CORE/src/View/View.php, line 579
Cake\Controller\Controller::render() - CORE/src/Controller/Controller.php, line 611
Cake\Routing\Dispatcher::_invoke() - CORE/src/Routing/Dispatcher.php, line 120
Cake\Routing\Dispatcher::dispatch() - CORE/src/Routing/Dispatcher.php, line 87
[main] - ROOT/webroot/index.php, line 36



2020-08-30 03:36:34 Notice: Notice (8): Undefined property: Cake\ORM\Query::$email in [/var/www/html/pocake/src/Template/Users/index.ctp, line 6]
Trace:
Cake\Error\BaseErrorHandler::handleError() - CORE/src/Error/BaseErrorHandler.php, line 140
include - APP/Template/Users/index.ctp, line 6
Cake\View\View::_evaluate() - CORE/src/View/View.php, line 984
Cake\View\View::_render() - CORE/src/View/View.php, line 944
Cake\View\View::render() - CORE/src/View/View.php, line 579
Cake\Controller\Controller::render() - CORE/src/Controller/Controller.php, line 611
Cake\Routing\Dispatcher::_invoke() - CORE/src/Routing/Dispatcher.php, line 120
Cake\Routing\Dispatcher::dispatch() - CORE/src/Routing/Dispatcher.php, line 87
[main] - ROOT/webroot/index.php, line 36



2020-08-30 03:36:34 Notice: Notice (8): Undefined property: Cake\ORM\Query::$email in [/var/www/html/pocake/src/Template/Users/index.ctp, line 6]
Trace:
Cake\Error\BaseErrorHandler::handleError() - CORE/src/Error/BaseErrorHandler.php, line 140
include - APP/Template/Users/index.ctp, line 6
Cake\View\View::_evaluate() - CORE/src/View/View.php, line 984
Cake\View\View::_render() - CORE/src/View/View.php, line 944
Cake\View\View::render() - CORE/src/View/View.php, line 579
Cake\Controller\Controller::render() - CORE/src/Controller/Controller.php, line 611
Cake\Routing\Dispatcher::_invoke() - CORE/src/Routing/Dispatcher.php, line 120
Cake\Routing\Dispatcher::dispatch() - CORE/src/Routing/Dispatcher.php, line 87
[main] - ROOT/webroot/index.php, line 36



2020-08-30 03:36:34 Notice: Notice (8): Undefined property: Cake\ORM\Query::$email in [/var/www/html/pocake/src/Template/Users/index.ctp, line 6]
Trace:
Cake\Error\BaseErrorHandler::handleError() - CORE/src/Error/BaseErrorHandler.php, line 140
include - APP/Template/Users/index.ctp, line 6
Cake\View\View::_evaluate() - CORE/src/View/View.php, line 984
Cake\View\View::_render() - CORE/src/View/View.php, line 944
Cake\View\View::render() - CORE/src/View/View.php, line 579
Cake\Controller\Controller::render() - CORE/src/Controller/Controller.php, line 611
Cake\Routing\Dispatcher::_invoke() - CORE/src/Routing/Dispatcher.php, line 120
Cake\Routing\Dispatcher::dispatch() - CORE/src/Routing/Dispatcher.php, line 87
[main] - ROOT/webroot/index.php, line 36



2020-08-30 03:36:34 Notice: Notice (8): Undefined property: Cake\ORM\Query::$email in [/var/www/html/pocake/src/Template/Users/index.ctp, line 6]
Trace:
Cake\Error\BaseErrorHandler::handleError() - CORE/src/Error/BaseErrorHandler.php, line 140
include - APP/Template/Users/index.ctp, line 6
Cake\View\View::_evaluate() - CORE/src/View/View.php, line 984
Cake\View\View::_render() - CORE/src/View/View.php, line 944
Cake\View\View::render() - CORE/src/View/View.php, line 579
Cake\Controller\Controller::render() - CORE/src/Controller/Controller.php, line 611
Cake\Routing\Dispatcher::_invoke() - CORE/src/Routing/Dispatcher.php, line 120
Cake\Routing\Dispatcher::dispatch() - CORE/src/Routing/Dispatcher.php, line 87
[main] - ROOT/webroot/index.php, line 36



2020-08-30 03:36:34 Notice: Notice (8): Undefined property: Cake\ORM\Query::$email in [/var/www/html/pocake/src/Template/Users/index.ctp, line 6]
Trace:
Cake\Error\BaseErrorHandler::handleError() - CORE/src/Error/BaseErrorHandler.php, line 140
include - APP/Template/Users/index.ctp, line 6
Cake\View\View::_evaluate() - CORE/src/View/View.php, line 984
Cake\View\View::_render() - CORE/src/View/View.php, line 944
Cake\View\View::render() - CORE/src/View/View.php, line 579
Cake\Controller\Controller::render() - CORE/src/Controller/Controller.php, line 611
Cake\Routing\Dispatcher::_invoke() - CORE/src/Routing/Dispatcher.php, line 120
Cake\Routing\Dispatcher::dispatch() - CORE/src/Routing/Dispatcher.php, line 87
[main] - ROOT/webroot/index.php, line 36



2020-08-30 03:36:34 Notice: Notice (8): Undefined property: Cake\ORM\Query::$email in [/var/www/html/pocake/src/Template/Users/index.ctp, line 6]
Trace:
Cake\Error\BaseErrorHandler::handleError() - CORE/src/Error/BaseErrorHandler.php, line 140
include - APP/Template/Users/index.ctp, line 6
Cake\View\View::_evaluate() - CORE/src/View/View.php, line 984
Cake\View\View::_render() - CORE/src/View/View.php, line 944
Cake\View\View::render() - CORE/src/View/View.php, line 579
Cake\Controller\Controller::render() - CORE/src/Controller/Controller.php, line 611
Cake\Routing\Dispatcher::_invoke() - CORE/src/Routing/Dispatcher.php, line 120
Cake\Routing\Dispatcher::dispatch() - CORE/src/Routing/Dispatcher.php, line 87
[main] - ROOT/webroot/index.php, line 36



2020-08-30 03:36:34 Notice: Notice (8): Undefined property: Cake\ORM\Query::$email in [/var/www/html/pocake/src/Template/Users/index.ctp, line 6]
Trace:
Cake\Error\BaseErrorHandler::handleError() - CORE/src/Error/BaseErrorHandler.php, line 140
include - APP/Template/Users/index.ctp, line 6
Cake\View\View::_evaluate() - CORE/src/View/View.php, line 984
Cake\View\View::_render() - CORE/src/View/View.php, line 944
Cake\View\View::render() - CORE/src/View/View.php, line 579
Cake\Controller\Controller::render() - CORE/src/Controller/Controller.php, line 611
Cake\Routing\Dispatcher::_invoke() - CORE/src/Routing/Dispatcher.php, line 120
Cake\Routing\Dispatcher::dispatch() - CORE/src/Routing/Dispatcher.php, line 87
[main] - ROOT/webroot/index.php, line 36



2020-08-30 03:36:34 Notice: Notice (8): Undefined property: Cake\ORM\Query::$email in [/var/www/html/pocake/src/Template/Users/index.ctp, line 6]
Trace:
Cake\Error\BaseErrorHandler::handleError() - CORE/src/Error/BaseErrorHandler.php, line 140
include - APP/Template/Users/index.ctp, line 6
Cake\View\View::_evaluate() - CORE/src/View/View.php, line 984
Cake\View\View::_render() - CORE/src/View/View.php, line 944
Cake\View\View::render() - CORE/src/View/View.php, line 579
Cake\Controller\Controller::render() - CORE/src/Controller/Controller.php, line 611
Cake\Routing\Dispatcher::_invoke() - CORE/src/Routing/Dispatcher.php, line 120
Cake\Routing\Dispatcher::dispatch() - CORE/src/Routing/Dispatcher.php, line 87
[main] - ROOT/webroot/index.php, line 36



2020-08-30 03:36:34 Notice: Notice (8): Undefined property: Cake\ORM\Query::$email in [/var/www/html/pocake/src/Template/Users/index.ctp, line 6]
Trace:
Cake\Error\BaseErrorHandler::handleError() - CORE/src/Error/BaseErrorHandler.php, line 140
include - APP/Template/Users/index.ctp, line 6
Cake\View\View::_evaluate() - CORE/src/View/View.php, line 984
Cake\View\View::_render() - CORE/src/View/View.php, line 944
Cake\View\View::render() - CORE/src/View/View.php, line 579
Cake\Controller\Controller::render() - CORE/src/Controller/Controller.php, line 611
Cake\Routing\Dispatcher::_invoke() - CORE/src/Routing/Dispatcher.php, line 120
Cake\Routing\Dispatcher::dispatch() - CORE/src/Routing/Dispatcher.php, line 87
[main] - ROOT/webroot/index.php, line 36



2020-08-30 03:36:34 Notice: Notice (8): Undefined property: Cake\ORM\Query::$email in [/var/www/html/pocake/src/Template/Users/index.ctp, line 6]
Trace:
Cake\Error\BaseErrorHandler::handleError() - CORE/src/Error/BaseErrorHandler.php, line 140
include - APP/Template/Users/index.ctp, line 6
Cake\View\View::_evaluate() - CORE/src/View/View.php, line 984
Cake\View\View::_render() - CORE/src/View/View.php, line 944
Cake\View\View::render() - CORE/src/View/View.php, line 579
Cake\Controller\Controller::render() - CORE/src/Controller/Controller.php, line 611
Cake\Routing\Dispatcher::_invoke() - CORE/src/Routing/Dispatcher.php, line 120
Cake\Routing\Dispatcher::dispatch() - CORE/src/Routing/Dispatcher.php, line 87
[main] - ROOT/webroot/index.php, line 36



2020-08-30 03:36:34 Notice: Notice (8): Undefined property: Cake\ORM\Query::$email in [/var/www/html/pocake/src/Template/Users/index.ctp, line 6]
Trace:
Cake\Error\BaseErrorHandler::handleError() - CORE/src/Error/BaseErrorHandler.php, line 140
include - APP/Template/Users/index.ctp, line 6
Cake\View\View::_evaluate() - CORE/src/View/View.php, line 984
Cake\View\View::_render() - CORE/src/View/View.php, line 944
Cake\View\View::render() - CORE/src/View/View.php, line 579
Cake\Controller\Controller::render() - CORE/src/Controller/Controller.php, line 611
Cake\Routing\Dispatcher::_invoke() - CORE/src/Routing/Dispatcher.php, line 120
Cake\Routing\Dispatcher::dispatch() - CORE/src/Routing/Dispatcher.php, line 87
[main] - ROOT/webroot/index.php, line 36



2020-08-30 03:36:34 Notice: Notice (8): Undefined property: Cake\ORM\Query::$email in [/var/www/html/pocake/src/Template/Users/index.ctp, line 6]
Trace:
Cake\Error\BaseErrorHandler::handleError() - CORE/src/Error/BaseErrorHandler.php, line 140
include - APP/Template/Users/index.ctp, line 6
Cake\View\View::_evaluate() - CORE/src/View/View.php, line 984
Cake\View\View::_render() - CORE/src/View/View.php, line 944
Cake\View\View::render() - CORE/src/View/View.php, line 579
Cake\Controller\Controller::render() - CORE/src/Controller/Controller.php, line 611
Cake\Routing\Dispatcher::_invoke() - CORE/src/Routing/Dispatcher.php, line 120
Cake\Routing\Dispatcher::dispatch() - CORE/src/Routing/Dispatcher.php, line 87
[main] - ROOT/webroot/index.php, line 36



2020-08-30 03:36:34 Notice: Notice (8): Undefined property: Cake\ORM\Query::$email in [/var/www/html/pocake/src/Template/Users/index.ctp, line 6]
Trace:
Cake\Error\BaseErrorHandler::handleError() - CORE/src/Error/BaseErrorHandler.php, line 140
include - APP/Template/Users/index.ctp, line 6
Cake\View\View::_evaluate() - CORE/src/View/View.php, line 984
Cake\View\View::_render() - CORE/src/View/View.php, line 944
Cake\View\View::render() - CORE/src/View/View.php, line 579
Cake\Controller\Controller::render() - CORE/src/Controller/Controller.php, line 611
Cake\Routing\Dispatcher::_invoke() - CORE/src/Routing/Dispatcher.php, line 120
Cake\Routing\Dispatcher::dispatch() - CORE/src/Routing/Dispatcher.php, line 87
[main] - ROOT/webroot/index.php, line 36



2020-08-30 03:36:34 Notice: Notice (8): Undefined property: Cake\ORM\Query::$email in [/var/www/html/pocake/src/Template/Users/index.ctp, line 6]
Trace:
Cake\Error\BaseErrorHandler::handleError() - CORE/src/Error/BaseErrorHandler.php, line 140
include - APP/Template/Users/index.ctp, line 6
Cake\View\View::_evaluate() - CORE/src/View/View.php, line 984
Cake\View\View::_render() - CORE/src/View/View.php, line 944
Cake\View\View::render() - CORE/src/View/View.php, line 579
Cake\Controller\Controller::render() - CORE/src/Controller/Controller.php, line 611
Cake\Routing\Dispatcher::_invoke() - CORE/src/Routing/Dispatcher.php, line 120
Cake\Routing\Dispatcher::dispatch() - CORE/src/Routing/Dispatcher.php, line 87
[main] - ROOT/webroot/index.php, line 36



2020-08-30 03:36:34 Notice: Notice (8): Undefined property: Cake\ORM\Query::$email in [/var/www/html/pocake/src/Template/Users/index.ctp, line 6]
Trace:
Cake\Error\BaseErrorHandler::handleError() - CORE/src/Error/BaseErrorHandler.php, line 140
include - APP/Template/Users/index.ctp, line 6
Cake\View\View::_evaluate() - CORE/src/View/View.php, line 984
Cake\View\View::_render() - CORE/src/View/View.php, line 944
Cake\View\View::render() - CORE/src/View/View.php, line 579
Cake\Controller\Controller::render() - CORE/src/Controller/Controller.php, line 611
Cake\Routing\Dispatcher::_invoke() - CORE/src/Routing/Dispatcher.php, line 120
Cake\Routing\Dispatcher::dispatch() - CORE/src/Routing/Dispatcher.php, line 87
[main] - ROOT/webroot/index.php, line 36



2020-08-30 03:36:34 Notice: Notice (8): Undefined property: Cake\ORM\Query::$email in [/var/www/html/pocake/src/Template/Users/index.ctp, line 6]
Trace:
Cake\Error\BaseErrorHandler::handleError() - CORE/src/Error/BaseErrorHandler.php, line 140
include - APP/Template/Users/index.ctp, line 6
Cake\View\View::_evaluate() - CORE/src/View/View.php, line 984
Cake\View\View::_render() - CORE/src/View/View.php, line 944
Cake\View\View::render() - CORE/src/View/View.php, line 579
Cake\Controller\Controller::render() - CORE/src/Controller/Controller.php, line 611
Cake\Routing\Dispatcher::_invoke() - CORE/src/Routing/Dispatcher.php, line 120
Cake\Routing\Dispatcher::dispatch() - CORE/src/Routing/Dispatcher.php, line 87
[main] - ROOT/webroot/index.php, line 36



2020-08-30 03:36:34 Notice: Notice (8): Undefined property: Cake\ORM\Query::$email in [/var/www/html/pocake/src/Template/Users/index.ctp, line 6]
Trace:
Cake\Error\BaseErrorHandler::handleError() - CORE/src/Error/BaseErrorHandler.php, line 140
include - APP/Template/Users/index.ctp, line 6
Cake\View\View::_evaluate() - CORE/src/View/View.php, line 984
Cake\View\View::_render() - CORE/src/View/View.php, line 944
Cake\View\View::render() - CORE/src/View/View.php, line 579
Cake\Controller\Controller::render() - CORE/src/Controller/Controller.php, line 611
Cake\Routing\Dispatcher::_invoke() - CORE/src/Routing/Dispatcher.php, line 120
Cake\Routing\Dispatcher::dispatch() - CORE/src/Routing/Dispatcher.php, line 87
[main] - ROOT/webroot/index.php, line 36



2020-08-30 03:36:34 Notice: Notice (8): Undefined property: Cake\ORM\Query::$email in [/var/www/html/pocake/src/Template/Users/index.ctp, line 6]
Trace:
Cake\Error\BaseErrorHandler::handleError() - CORE/src/Error/BaseErrorHandler.php, line 140
include - APP/Template/Users/index.ctp, line 6
Cake\View\View::_evaluate() - CORE/src/View/View.php, line 984
Cake\View\View::_render() - CORE/src/View/View.php, line 944
Cake\View\View::render() - CORE/src/View/View.php, line 579
Cake\Controller\Controller::render() - CORE/src/Controller/Controller.php, line 611
Cake\Routing\Dispatcher::_invoke() - CORE/src/Routing/Dispatcher.php, line 120
Cake\Routing\Dispatcher::dispatch() - CORE/src/Routing/Dispatcher.php, line 87
[main] - ROOT/webroot/index.php, line 36



2020-08-30 03:36:34 Notice: Notice (8): Undefined property: Cake\ORM\Query::$email in [/var/www/html/pocake/src/Template/Users/index.ctp, line 6]
Trace:
Cake\Error\BaseErrorHandler::handleError() - CORE/src/Error/BaseErrorHandler.php, line 140
include - APP/Template/Users/index.ctp, line 6
Cake\View\View::_evaluate() - CORE/src/View/View.php, line 984
Cake\View\View::_render() - CORE/src/View/View.php, line 944
Cake\View\View::render() - CORE/src/View/View.php, line 579
Cake\Controller\Controller::render() - CORE/src/Controller/Controller.php, line 611
Cake\Routing\Dispatcher::_invoke() - CORE/src/Routing/Dispatcher.php, line 120
Cake\Routing\Dispatcher::dispatch() - CORE/src/Routing/Dispatcher.php, line 87
[main] - ROOT/webroot/index.php, line 36



2020-08-30 03:36:34 Notice: Notice (8): Undefined property: Cake\ORM\Query::$email in [/var/www/html/pocake/src/Template/Users/index.ctp, line 6]
Trace:
Cake\Error\BaseErrorHandler::handleError() - CORE/src/Error/BaseErrorHandler.php, line 140
include - APP/Template/Users/index.ctp, line 6
Cake\View\View::_evaluate() - CORE/src/View/View.php, line 984
Cake\View\View::_render() - CORE/src/View/View.php, line 944
Cake\View\View::render() - CORE/src/View/View.php, line 579
Cake\Controller\Controller::render() - CORE/src/Controller/Controller.php, line 611
Cake\Routing\Dispatcher::_invoke() - CORE/src/Routing/Dispatcher.php, line 120
Cake\Routing\Dispatcher::dispatch() - CORE/src/Routing/Dispatcher.php, line 87
[main] - ROOT/webroot/index.php, line 36



2020-08-30 03:36:34 Notice: Notice (8): Undefined property: Cake\ORM\Query::$email in [/var/www/html/pocake/src/Template/Users/index.ctp, line 6]
Trace:
Cake\Error\BaseErrorHandler::handleError() - CORE/src/Error/BaseErrorHandler.php, line 140
include - APP/Template/Users/index.ctp, line 6
Cake\View\View::_evaluate() - CORE/src/View/View.php, line 984
Cake\View\View::_render() - CORE/src/View/View.php, line 944
Cake\View\View::render() - CORE/src/View/View.php, line 579
Cake\Controller\Controller::render() - CORE/src/Controller/Controller.php, line 611
Cake\Routing\Dispatcher::_invoke() - CORE/src/Routing/Dispatcher.php, line 120
Cake\Routing\Dispatcher::dispatch() - CORE/src/Routing/Dispatcher.php, line 87
[main] - ROOT/webroot/index.php, line 36



2020-08-30 03:36:34 Notice: Notice (8): Undefined property: Cake\ORM\Query::$email in [/var/www/html/pocake/src/Template/Users/index.ctp, line 6]
Trace:
Cake\Error\BaseErrorHandler::handleError() - CORE/src/Error/BaseErrorHandler.php, line 140
include - APP/Template/Users/index.ctp, line 6
Cake\View\View::_evaluate() - CORE/src/View/View.php, line 984
Cake\View\View::_render() - CORE/src/View/View.php, line 944
Cake\View\View::render() - CORE/src/View/View.php, line 579
Cake\Controller\Controller::render() - CORE/src/Controller/Controller.php, line 611
Cake\Routing\Dispatcher::_invoke() - CORE/src/Routing/Dispatcher.php, line 120
Cake\Routing\Dispatcher::dispatch() - CORE/src/Routing/Dispatcher.php, line 87
[main] - ROOT/webroot/index.php, line 36



2020-08-30 03:36:34 Notice: Notice (8): Undefined property: Cake\ORM\Query::$email in [/var/www/html/pocake/src/Template/Users/index.ctp, line 6]
Trace:
Cake\Error\BaseErrorHandler::handleError() - CORE/src/Error/BaseErrorHandler.php, line 140
include - APP/Template/Users/index.ctp, line 6
Cake\View\View::_evaluate() - CORE/src/View/View.php, line 984
Cake\View\View::_render() - CORE/src/View/View.php, line 944
Cake\View\View::render() - CORE/src/View/View.php, line 579
Cake\Controller\Controller::render() - CORE/src/Controller/Controller.php, line 611
Cake\Routing\Dispatcher::_invoke() - CORE/src/Routing/Dispatcher.php, line 120
Cake\Routing\Dispatcher::dispatch() - CORE/src/Routing/Dispatcher.php, line 87
[main] - ROOT/webroot/index.php, line 36



2020-08-30 03:36:34 Notice: Notice (8): Undefined property: Cake\ORM\Query::$email in [/var/www/html/pocake/src/Template/Users/index.ctp, line 6]
Trace:
Cake\Error\BaseErrorHandler::handleError() - CORE/src/Error/BaseErrorHandler.php, line 140
include - APP/Template/Users/index.ctp, line 6
Cake\View\View::_evaluate() - CORE/src/View/View.php, line 984
Cake\View\View::_render() - CORE/src/View/View.php, line 944
Cake\View\View::render() - CORE/src/View/View.php, line 579
Cake\Controller\Controller::render() - CORE/src/Controller/Controller.php, line 611
Cake\Routing\Dispatcher::_invoke() - CORE/src/Routing/Dispatcher.php, line 120
Cake\Routing\Dispatcher::dispatch() - CORE/src/Routing/Dispatcher.php, line 87
[main] - ROOT/webroot/index.php, line 36



2020-08-30 03:36:34 Notice: Notice (8): Undefined property: Cake\ORM\Query::$email in [/var/www/html/pocake/src/Template/Users/index.ctp, line 6]
Trace:
Cake\Error\BaseErrorHandler::handleError() - CORE/src/Error/BaseErrorHandler.php, line 140
include - APP/Template/Users/index.ctp, line 6
Cake\View\View::_evaluate() - CORE/src/View/View.php, line 984
Cake\View\View::_render() - CORE/src/View/View.php, line 944
Cake\View\View::render() - CORE/src/View/View.php, line 579
Cake\Controller\Controller::render() - CORE/src/Controller/Controller.php, line 611
Cake\Routing\Dispatcher::_invoke() - CORE/src/Routing/Dispatcher.php, line 120
Cake\Routing\Dispatcher::dispatch() - CORE/src/Routing/Dispatcher.php, line 87
[main] - ROOT/webroot/index.php, line 36



2020-08-30 03:36:34 Notice: Notice (8): Undefined property: Cake\ORM\Query::$email in [/var/www/html/pocake/src/Template/Users/index.ctp, line 6]
Trace:
Cake\Error\BaseErrorHandler::handleError() - CORE/src/Error/BaseErrorHandler.php, line 140
include - APP/Template/Users/index.ctp, line 6
Cake\View\View::_evaluate() - CORE/src/View/View.php, line 984
Cake\View\View::_render() - CORE/src/View/View.php, line 944
Cake\View\View::render() - CORE/src/View/View.php, line 579
Cake\Controller\Controller::render() - CORE/src/Controller/Controller.php, line 611
Cake\Routing\Dispatcher::_invoke() - CORE/src/Routing/Dispatcher.php, line 120
Cake\Routing\Dispatcher::dispatch() - CORE/src/Routing/Dispatcher.php, line 87
[main] - ROOT/webroot/index.php, line 36



2020-08-30 03:36:34 Notice: Notice (8): Undefined property: Cake\ORM\Query::$email in [/var/www/html/pocake/src/Template/Users/index.ctp, line 6]
Trace:
Cake\Error\BaseErrorHandler::handleError() - CORE/src/Error/BaseErrorHandler.php, line 140
include - APP/Template/Users/index.ctp, line 6
Cake\View\View::_evaluate() - CORE/src/View/View.php, line 984
Cake\View\View::_render() - CORE/src/View/View.php, line 944
Cake\View\View::render() - CORE/src/View/View.php, line 579
Cake\Controller\Controller::render() - CORE/src/Controller/Controller.php, line 611
Cake\Routing\Dispatcher::_invoke() - CORE/src/Routing/Dispatcher.php, line 120
Cake\Routing\Dispatcher::dispatch() - CORE/src/Routing/Dispatcher.php, line 87
[main] - ROOT/webroot/index.php, line 36



2020-08-30 03:36:34 Notice: Notice (8): Undefined property: Cake\ORM\Query::$email in [/var/www/html/pocake/src/Template/Users/index.ctp, line 6]
Trace:
Cake\Error\BaseErrorHandler::handleError() - CORE/src/Error/BaseErrorHandler.php, line 140
include - APP/Template/Users/index.ctp, line 6
Cake\View\View::_evaluate() - CORE/src/View/View.php, line 984
Cake\View\View::_render() - CORE/src/View/View.php, line 944
Cake\View\View::render() - CORE/src/View/View.php, line 579
Cake\Controller\Controller::render() - CORE/src/Controller/Controller.php, line 611
Cake\Routing\Dispatcher::_invoke() - CORE/src/Routing/Dispatcher.php, line 120
Cake\Routing\Dispatcher::dispatch() - CORE/src/Routing/Dispatcher.php, line 87
[main] - ROOT/webroot/index.php, line 36



2020-08-30 03:36:34 Notice: Notice (8): Undefined property: Cake\ORM\Query::$email in [/var/www/html/pocake/src/Template/Users/index.ctp, line 6]
Trace:
Cake\Error\BaseErrorHandler::handleError() - CORE/src/Error/BaseErrorHandler.php, line 140
include - APP/Template/Users/index.ctp, line 6
Cake\View\View::_evaluate() - CORE/src/View/View.php, line 984
Cake\View\View::_render() - CORE/src/View/View.php, line 944
Cake\View\View::render() - CORE/src/View/View.php, line 579
Cake\Controller\Controller::render() - CORE/src/Controller/Controller.php, line 611
Cake\Routing\Dispatcher::_invoke() - CORE/src/Routing/Dispatcher.php, line 120
Cake\Routing\Dispatcher::dispatch() - CORE/src/Routing/Dispatcher.php, line 87
[main] - ROOT/webroot/index.php, line 36



2020-08-30 03:36:34 Notice: Notice (8): Undefined property: Cake\ORM\Query::$email in [/var/www/html/pocake/src/Template/Users/index.ctp, line 6]
Trace:
Cake\Error\BaseErrorHandler::handleError() - CORE/src/Error/BaseErrorHandler.php, line 140
include - APP/Template/Users/index.ctp, line 6
Cake\View\View::_evaluate() - CORE/src/View/View.php, line 984
Cake\View\View::_render() - CORE/src/View/View.php, line 944
Cake\View\View::render() - CORE/src/View/View.php, line 579
Cake\Controller\Controller::render() - CORE/src/Controller/Controller.php, line 611
Cake\Routing\Dispatcher::_invoke() - CORE/src/Routing/Dispatcher.php, line 120
Cake\Routing\Dispatcher::dispatch() - CORE/src/Routing/Dispatcher.php, line 87
[main] - ROOT/webroot/index.php, line 36



2020-08-30 03:36:34 Notice: Notice (8): Undefined property: Cake\ORM\Query::$email in [/var/www/html/pocake/src/Template/Users/index.ctp, line 6]
Trace:
Cake\Error\BaseErrorHandler::handleError() - CORE/src/Error/BaseErrorHandler.php, line 140
include - APP/Template/Users/index.ctp, line 6
Cake\View\View::_evaluate() - CORE/src/View/View.php, line 984
Cake\View\View::_render() - CORE/src/View/View.php, line 944
Cake\View\View::render() - CORE/src/View/View.php, line 579
Cake\Controller\Controller::render() - CORE/src/Controller/Controller.php, line 611
Cake\Routing\Dispatcher::_invoke() - CORE/src/Routing/Dispatcher.php, line 120
Cake\Routing\Dispatcher::dispatch() - CORE/src/Routing/Dispatcher.php, line 87
[main] - ROOT/webroot/index.php, line 36



2020-08-30 03:36:34 Notice: Notice (8): Undefined property: Cake\ORM\Query::$email in [/var/www/html/pocake/src/Template/Users/index.ctp, line 6]
Trace:
Cake\Error\BaseErrorHandler::handleError() - CORE/src/Error/BaseErrorHandler.php, line 140
include - APP/Template/Users/index.ctp, line 6
Cake\View\View::_evaluate() - CORE/src/View/View.php, line 984
Cake\View\View::_render() - CORE/src/View/View.php, line 944
Cake\View\View::render() - CORE/src/View/View.php, line 579
Cake\Controller\Controller::render() - CORE/src/Controller/Controller.php, line 611
Cake\Routing\Dispatcher::_invoke() - CORE/src/Routing/Dispatcher.php, line 120
Cake\Routing\Dispatcher::dispatch() - CORE/src/Routing/Dispatcher.php, line 87
[main] - ROOT/webroot/index.php, line 36



2020-08-30 03:36:34 Notice: Notice (8): Undefined property: Cake\ORM\Query::$email in [/var/www/html/pocake/src/Template/Users/index.ctp, line 6]
Trace:
Cake\Error\BaseErrorHandler::handleError() - CORE/src/Error/BaseErrorHandler.php, line 140
include - APP/Template/Users/index.ctp, line 6
Cake\View\View::_evaluate() - CORE/src/View/View.php, line 984
Cake\View\View::_render() - CORE/src/View/View.php, line 944
Cake\View\View::render() - CORE/src/View/View.php, line 579
Cake\Controller\Controller::render() - CORE/src/Controller/Controller.php, line 611
Cake\Routing\Dispatcher::_invoke() - CORE/src/Routing/Dispatcher.php, line 120
Cake\Routing\Dispatcher::dispatch() - CORE/src/Routing/Dispatcher.php, line 87
[main] - ROOT/webroot/index.php, line 36



2020-08-30 03:36:35 Notice: Notice (8): Undefined property: Cake\ORM\Query::$email in [/var/www/html/pocake/src/Template/Users/index.ctp, line 6]
Trace:
Cake\Error\BaseErrorHandler::handleError() - CORE/src/Error/BaseErrorHandler.php, line 140
include - APP/Template/Users/index.ctp, line 6
Cake\View\View::_evaluate() - CORE/src/View/View.php, line 984
Cake\View\View::_render() - CORE/src/View/View.php, line 944
Cake\View\View::render() - CORE/src/View/View.php, line 579
Cake\Controller\Controller::render() - CORE/src/Controller/Controller.php, line 611
Cake\Routing\Dispatcher::_invoke() - CORE/src/Routing/Dispatcher.php, line 120
Cake\Routing\Dispatcher::dispatch() - CORE/src/Routing/Dispatcher.php, line 87
[main] - ROOT/webroot/index.php, line 36



2020-08-30 03:36:35 Notice: Notice (8): Undefined property: Cake\ORM\Query::$email in [/var/www/html/pocake/src/Template/Users/index.ctp, line 6]
Trace:
Cake\Error\BaseErrorHandler::handleError() - CORE/src/Error/BaseErrorHandler.php, line 140
include - APP/Template/Users/index.ctp, line 6
Cake\View\View::_evaluate() - CORE/src/View/View.php, line 984
Cake\View\View::_render() - CORE/src/View/View.php, line 944
Cake\View\View::render() - CORE/src/View/View.php, line 579
Cake\Controller\Controller::render() - CORE/src/Controller/Controller.php, line 611
Cake\Routing\Dispatcher::_invoke() - CORE/src/Routing/Dispatcher.php, line 120
Cake\Routing\Dispatcher::dispatch() - CORE/src/Routing/Dispatcher.php, line 87
[main] - ROOT/webroot/index.php, line 36



2020-08-30 03:36:35 Notice: Notice (8): Undefined property: Cake\ORM\Query::$email in [/var/www/html/pocake/src/Template/Users/index.ctp, line 6]
Trace:
Cake\Error\BaseErrorHandler::handleError() - CORE/src/Error/BaseErrorHandler.php, line 140
include - APP/Template/Users/index.ctp, line 6
Cake\View\View::_evaluate() - CORE/src/View/View.php, line 984
Cake\View\View::_render() - CORE/src/View/View.php, line 944
Cake\View\View::render() - CORE/src/View/View.php, line 579
Cake\Controller\Controller::render() - CORE/src/Controller/Controller.php, line 611
Cake\Routing\Dispatcher::_invoke() - CORE/src/Routing/Dispatcher.php, line 120
Cake\Routing\Dispatcher::dispatch() - CORE/src/Routing/Dispatcher.php, line 87
[main] - ROOT/webroot/index.php, line 36



2020-08-30 03:36:35 Notice: Notice (8): Undefined property: Cake\ORM\Query::$email in [/var/www/html/pocake/src/Template/Users/index.ctp, line 6]
Trace:
Cake\Error\BaseErrorHandler::handleError() - CORE/src/Error/BaseErrorHandler.php, line 140
include - APP/Template/Users/index.ctp, line 6
Cake\View\View::_evaluate() - CORE/src/View/View.php, line 984
Cake\View\View::_render() - CORE/src/View/View.php, line 944
Cake\View\View::render() - CORE/src/View/View.php, line 579
Cake\Controller\Controller::render() - CORE/src/Controller/Controller.php, line 611
Cake\Routing\Dispatcher::_invoke() - CORE/src/Routing/Dispatcher.php, line 120
Cake\Routing\Dispatcher::dispatch() - CORE/src/Routing/Dispatcher.php, line 87
[main] - ROOT/webroot/index.php, line 36



2020-08-30 03:36:35 Notice: Notice (8): Undefined property: Cake\ORM\Query::$email in [/var/www/html/pocake/src/Template/Users/index.ctp, line 6]
Trace:
Cake\Error\BaseErrorHandler::handleError() - CORE/src/Error/BaseErrorHandler.php, line 140
include - APP/Template/Users/index.ctp, line 6
Cake\View\View::_evaluate() - CORE/src/View/View.php, line 984
Cake\View\View::_render() - CORE/src/View/View.php, line 944
Cake\View\View::render() - CORE/src/View/View.php, line 579
Cake\Controller\Controller::render() - CORE/src/Controller/Controller.php, line 611
Cake\Routing\Dispatcher::_invoke() - CORE/src/Routing/Dispatcher.php, line 120
Cake\Routing\Dispatcher::dispatch() - CORE/src/Routing/Dispatcher.php, line 87
[main] - ROOT/webroot/index.php, line 36



2020-08-30 03:36:35 Notice: Notice (8): Undefined property: Cake\ORM\Query::$email in [/var/www/html/pocake/src/Template/Users/index.ctp, line 6]
Trace:
Cake\Error\BaseErrorHandler::handleError() - CORE/src/Error/BaseErrorHandler.php, line 140
include - APP/Template/Users/index.ctp, line 6
Cake\View\View::_evaluate() - CORE/src/View/View.php, line 984
Cake\View\View::_render() - CORE/src/View/View.php, line 944
Cake\View\View::render() - CORE/src/View/View.php, line 579
Cake\Controller\Controller::render() - CORE/src/Controller/Controller.php, line 611
Cake\Routing\Dispatcher::_invoke() - CORE/src/Routing/Dispatcher.php, line 120
Cake\Routing\Dispatcher::dispatch() - CORE/src/Routing/Dispatcher.php, line 87
[main] - ROOT/webroot/index.php, line 36



2020-08-30 03:36:35 Notice: Notice (8): Undefined property: Cake\ORM\Query::$email in [/var/www/html/pocake/src/Template/Users/index.ctp, line 6]
Trace:
Cake\Error\BaseErrorHandler::handleError() - CORE/src/Error/BaseErrorHandler.php, line 140
include - APP/Template/Users/index.ctp, line 6
Cake\View\View::_evaluate() - CORE/src/View/View.php, line 984
Cake\View\View::_render() - CORE/src/View/View.php, line 944
Cake\View\View::render() - CORE/src/View/View.php, line 579
Cake\Controller\Controller::render() - CORE/src/Controller/Controller.php, line 611
Cake\Routing\Dispatcher::_invoke() - CORE/src/Routing/Dispatcher.php, line 120
Cake\Routing\Dispatcher::dispatch() - CORE/src/Routing/Dispatcher.php, line 87
[main] - ROOT/webroot/index.php, line 36



2020-08-30 03:36:35 Notice: Notice (8): Undefined property: Cake\ORM\Query::$email in [/var/www/html/pocake/src/Template/Users/index.ctp, line 6]
Trace:
Cake\Error\BaseErrorHandler::handleError() - CORE/src/Error/BaseErrorHandler.php, line 140
include - APP/Template/Users/index.ctp, line 6
Cake\View\View::_evaluate() - CORE/src/View/View.php, line 984
Cake\View\View::_render() - CORE/src/View/View.php, line 944
Cake\View\View::render() - CORE/src/View/View.php, line 579
Cake\Controller\Controller::render() - CORE/src/Controller/Controller.php, line 611
Cake\Routing\Dispatcher::_invoke() - CORE/src/Routing/Dispatcher.php, line 120
Cake\Routing\Dispatcher::dispatch() - CORE/src/Routing/Dispatcher.php, line 87
[main] - ROOT/webroot/index.php, line 36



2020-08-30 03:36:35 Notice: Notice (8): Undefined property: Cake\ORM\Query::$email in [/var/www/html/pocake/src/Template/Users/index.ctp, line 6]
Trace:
Cake\Error\BaseErrorHandler::handleError() - CORE/src/Error/BaseErrorHandler.php, line 140
include - APP/Template/Users/index.ctp, line 6
Cake\View\View::_evaluate() - CORE/src/View/View.php, line 984
Cake\View\View::_render() - CORE/src/View/View.php, line 944
Cake\View\View::render() - CORE/src/View/View.php, line 579
Cake\Controller\Controller::render() - CORE/src/Controller/Controller.php, line 611
Cake\Routing\Dispatcher::_invoke() - CORE/src/Routing/Dispatcher.php, line 120
Cake\Routing\Dispatcher::dispatch() - CORE/src/Routing/Dispatcher.php, line 87
[main] - ROOT/webroot/index.php, line 36



2020-08-30 03:36:35 Notice: Notice (8): Undefined property: Cake\ORM\Query::$email in [/var/www/html/pocake/src/Template/Users/index.ctp, line 6]
Trace:
Cake\Error\BaseErrorHandler::handleError() - CORE/src/Error/BaseErrorHandler.php, line 140
include - APP/Template/Users/index.ctp, line 6
Cake\View\View::_evaluate() - CORE/src/View/View.php, line 984
Cake\View\View::_render() - CORE/src/View/View.php, line 944
Cake\View\View::render() - CORE/src/View/View.php, line 579
Cake\Controller\Controller::render() - CORE/src/Controller/Controller.php, line 611
Cake\Routing\Dispatcher::_invoke() - CORE/src/Routing/Dispatcher.php, line 120
Cake\Routing\Dispatcher::dispatch() - CORE/src/Routing/Dispatcher.php, line 87
[main] - ROOT/webroot/index.php, line 36



2020-08-30 03:36:35 Notice: Notice (8): Undefined property: Cake\ORM\Query::$email in [/var/www/html/pocake/src/Template/Users/index.ctp, line 6]
Trace:
Cake\Error\BaseErrorHandler::handleError() - CORE/src/Error/BaseErrorHandler.php, line 140
include - APP/Template/Users/index.ctp, line 6
Cake\View\View::_evaluate() - CORE/src/View/View.php, line 984
Cake\View\View::_render() - CORE/src/View/View.php, line 944
Cake\View\View::render() - CORE/src/View/View.php, line 579
Cake\Controller\Controller::render() - CORE/src/Controller/Controller.php, line 611
Cake\Routing\Dispatcher::_invoke() - CORE/src/Routing/Dispatcher.php, line 120
Cake\Routing\Dispatcher::dispatch() - CORE/src/Routing/Dispatcher.php, line 87
[main] - ROOT/webroot/index.php, line 36



2020-08-30 03:36:35 Notice: Notice (8): Undefined property: Cake\ORM\Query::$email in [/var/www/html/pocake/src/Template/Users/index.ctp, line 6]
Trace:
Cake\Error\BaseErrorHandler::handleError() - CORE/src/Error/BaseErrorHandler.php, line 140
include - APP/Template/Users/index.ctp, line 6
Cake\View\View::_evaluate() - CORE/src/View/View.php, line 984
Cake\View\View::_render() - CORE/src/View/View.php, line 944
Cake\View\View::render() - CORE/src/View/View.php, line 579
Cake\Controller\Controller::render() - CORE/src/Controller/Controller.php, line 611
Cake\Routing\Dispatcher::_invoke() - CORE/src/Routing/Dispatcher.php, line 120
Cake\Routing\Dispatcher::dispatch() - CORE/src/Routing/Dispatcher.php, line 87
[main] - ROOT/webroot/index.php, line 36



2020-08-30 03:36:35 Notice: Notice (8): Undefined property: Cake\ORM\Query::$email in [/var/www/html/pocake/src/Template/Users/index.ctp, line 6]
Trace:
Cake\Error\BaseErrorHandler::handleError() - CORE/src/Error/BaseErrorHandler.php, line 140
include - APP/Template/Users/index.ctp, line 6
Cake\View\View::_evaluate() - CORE/src/View/View.php, line 984
Cake\View\View::_render() - CORE/src/View/View.php, line 944
Cake\View\View::render() - CORE/src/View/View.php, line 579
Cake\Controller\Controller::render() - CORE/src/Controller/Controller.php, line 611
Cake\Routing\Dispatcher::_invoke() - CORE/src/Routing/Dispatcher.php, line 120
Cake\Routing\Dispatcher::dispatch() - CORE/src/Routing/Dispatcher.php, line 87
[main] - ROOT/webroot/index.php, line 36



2020-08-30 03:36:35 Notice: Notice (8): Undefined property: Cake\ORM\Query::$email in [/var/www/html/pocake/src/Template/Users/index.ctp, line 6]
Trace:
Cake\Error\BaseErrorHandler::handleError() - CORE/src/Error/BaseErrorHandler.php, line 140
include - APP/Template/Users/index.ctp, line 6
Cake\View\View::_evaluate() - CORE/src/View/View.php, line 984
Cake\View\View::_render() - CORE/src/View/View.php, line 944
Cake\View\View::render() - CORE/src/View/View.php, line 579
Cake\Controller\Controller::render() - CORE/src/Controller/Controller.php, line 611
Cake\Routing\Dispatcher::_invoke() - CORE/src/Routing/Dispatcher.php, line 120
Cake\Routing\Dispatcher::dispatch() - CORE/src/Routing/Dispatcher.php, line 87
[main] - ROOT/webroot/index.php, line 36



2020-08-30 03:36:35 Notice: Notice (8): Undefined property: Cake\ORM\Query::$email in [/var/www/html/pocake/src/Template/Users/index.ctp, line 6]
Trace:
Cake\Error\BaseErrorHandler::handleError() - CORE/src/Error/BaseErrorHandler.php, line 140
include - APP/Template/Users/index.ctp, line 6
Cake\View\View::_evaluate() - CORE/src/View/View.php, line 984
Cake\View\View::_render() - CORE/src/View/View.php, line 944
Cake\View\View::render() - CORE/src/View/View.php, line 579
Cake\Controller\Controller::render() - CORE/src/Controller/Controller.php, line 611
Cake\Routing\Dispatcher::_invoke() - CORE/src/Routing/Dispatcher.php, line 120
Cake\Routing\Dispatcher::dispatch() - CORE/src/Routing/Dispatcher.php, line 87
[main] - ROOT/webroot/index.php, line 36



2020-08-30 03:36:35 Notice: Notice (8): Undefined property: Cake\ORM\Query::$email in [/var/www/html/pocake/src/Template/Users/index.ctp, line 6]
Trace:
Cake\Error\BaseErrorHandler::handleError() - CORE/src/Error/BaseErrorHandler.php, line 140
include - APP/Template/Users/index.ctp, line 6
Cake\View\View::_evaluate() - CORE/src/View/View.php, line 984
Cake\View\View::_render() - CORE/src/View/View.php, line 944
Cake\View\View::render() - CORE/src/View/View.php, line 579
Cake\Controller\Controller::render() - CORE/src/Controller/Controller.php, line 611
Cake\Routing\Dispatcher::_invoke() - CORE/src/Routing/Dispatcher.php, line 120
Cake\Routing\Dispatcher::dispatch() - CORE/src/Routing/Dispatcher.php, line 87
[main] - ROOT/webroot/index.php, line 36



2020-08-30 03:36:35 Notice: Notice (8): Undefined property: Cake\ORM\Query::$email in [/var/www/html/pocake/src/Template/Users/index.ctp, line 6]
Trace:
Cake\Error\BaseErrorHandler::handleError() - CORE/src/Error/BaseErrorHandler.php, line 140
include - APP/Template/Users/index.ctp, line 6
Cake\View\View::_evaluate() - CORE/src/View/View.php, line 984
Cake\View\View::_render() - CORE/src/View/View.php, line 944
Cake\View\View::render() - CORE/src/View/View.php, line 579
Cake\Controller\Controller::render() - CORE/src/Controller/Controller.php, line 611
Cake\Routing\Dispatcher::_invoke() - CORE/src/Routing/Dispatcher.php, line 120
Cake\Routing\Dispatcher::dispatch() - CORE/src/Routing/Dispatcher.php, line 87
[main] - ROOT/webroot/index.php, line 36



2020-08-30 03:49:57 Notice: Notice (8): Undefined variable: nombre in [/var/www/html/pocake/src/Controller/UsersController.php, line 30]
Trace:
Cake\Error\BaseErrorHandler::handleError() - CORE/src/Error/BaseErrorHandler.php, line 140
App\Controller\UsersController::add() - APP/Controller/UsersController.php, line 30
Cake\Controller\Controller::invokeAction() - CORE/src/Controller/Controller.php, line 429
Cake\Routing\Dispatcher::_invoke() - CORE/src/Routing/Dispatcher.php, line 114
Cake\Routing\Dispatcher::dispatch() - CORE/src/Routing/Dispatcher.php, line 87
[main] - ROOT/webroot/index.php, line 36



2020-08-30 03:57:29 Notice: Notice (8): Undefined variable: nombre in [/var/www/html/pocake/src/Controller/UsersController.php, line 30]
Trace:
Cake\Error\BaseErrorHandler::handleError() - CORE/src/Error/BaseErrorHandler.php, line 140
App\Controller\UsersController::add() - APP/Controller/UsersController.php, line 30
Cake\Controller\Controller::invokeAction() - CORE/src/Controller/Controller.php, line 429
Cake\Routing\Dispatcher::_invoke() - CORE/src/Routing/Dispatcher.php, line 114
Cake\Routing\Dispatcher::dispatch() - CORE/src/Routing/Dispatcher.php, line 87
[main] - ROOT/webroot/index.php, line 36



2020-08-30 04:03:26 Notice: Notice (8): Undefined variable: user in [/var/www/html/pocake/src/Template/Users/add.ctp, line 5]
Trace:
Cake\Error\BaseErrorHandler::handleError() - CORE/src/Error/BaseErrorHandler.php, line 140
include - APP/Template/Users/add.ctp, line 5
Cake\View\View::_evaluate() - CORE/src/View/View.php, line 984
Cake\View\View::_render() - CORE/src/View/View.php, line 944
Cake\View\View::render() - CORE/src/View/View.php, line 579
Cake\Controller\Controller::render() - CORE/src/Controller/Controller.php, line 611
Cake\Routing\Dispatcher::_invoke() - CORE/src/Routing/Dispatcher.php, line 120
Cake\Routing\Dispatcher::dispatch() - CORE/src/Routing/Dispatcher.php, line 87
[main] - ROOT/webroot/index.php, line 36



2020-08-30 04:04:43 Notice: Notice (8): Undefined variable: users in [/var/www/html/pocake/src/Template/Users/add.ctp, line 4]
Trace:
Cake\Error\BaseErrorHandler::handleError() - CORE/src/Error/BaseErrorHandler.php, line 140
include - APP/Template/Users/add.ctp, line 4
Cake\View\View::_evaluate() - CORE/src/View/View.php, line 984
Cake\View\View::_render() - CORE/src/View/View.php, line 944
Cake\View\View::render() - CORE/src/View/View.php, line 579
Cake\Controller\Controller::render() - CORE/src/Controller/Controller.php, line 611
Cake\Routing\Dispatcher::_invoke() - CORE/src/Routing/Dispatcher.php, line 120
Cake\Routing\Dispatcher::dispatch() - CORE/src/Routing/Dispatcher.php, line 87
[main] - ROOT/webroot/index.php, line 36



2020-08-30 04:04:54 Notice: Notice (8): Undefined variable: User in [/var/www/html/pocake/src/Template/Users/add.ctp, line 4]
Trace:
Cake\Error\BaseErrorHandler::handleError() - CORE/src/Error/BaseErrorHandler.php, line 140
include - APP/Template/Users/add.ctp, line 4
Cake\View\View::_evaluate() - CORE/src/View/View.php, line 984
Cake\View\View::_render() - CORE/src/View/View.php, line 944
Cake\View\View::render() - CORE/src/View/View.php, line 579
Cake\Controller\Controller::render() - CORE/src/Controller/Controller.php, line 611
Cake\Routing\Dispatcher::_invoke() - CORE/src/Routing/Dispatcher.php, line 120
Cake\Routing\Dispatcher::dispatch() - CORE/src/Routing/Dispatcher.php, line 87
[main] - ROOT/webroot/index.php, line 36



2020-08-30 04:05:23 Notice: Notice (8): Undefined variable: user in [/var/www/html/pocake/src/Template/Users/add.ctp, line 4]
Trace:
Cake\Error\BaseErrorHandler::handleError() - CORE/src/Error/BaseErrorHandler.php, line 140
include - APP/Template/Users/add.ctp, line 4
Cake\View\View::_evaluate() - CORE/src/View/View.php, line 984
Cake\View\View::_render() - CORE/src/View/View.php, line 944
Cake\View\View::render() - CORE/src/View/View.php, line 579
Cake\Controller\Controller::render() - CORE/src/Controller/Controller.php, line 611
Cake\Routing\Dispatcher::_invoke() - CORE/src/Routing/Dispatcher.php, line 120
Cake\Routing\Dispatcher::dispatch() - CORE/src/Routing/Dispatcher.php, line 87
[main] - ROOT/webroot/index.php, line 36



2020-08-30 04:07:32 Notice: Notice (8): Undefined variable: user in [/var/www/html/pocake/src/Template/Users/add.ctp, line 4]
Trace:
Cake\Error\BaseErrorHandler::handleError() - CORE/src/Error/BaseErrorHandler.php, line 140
include - APP/Template/Users/add.ctp, line 4
Cake\View\View::_evaluate() - CORE/src/View/View.php, line 984
Cake\View\View::_render() - CORE/src/View/View.php, line 944
Cake\View\View::render() - CORE/src/View/View.php, line 579
Cake\Controller\Controller::render() - CORE/src/Controller/Controller.php, line 611
Cake\Routing\Dispatcher::_invoke() - CORE/src/Routing/Dispatcher.php, line 120
Cake\Routing\Dispatcher::dispatch() - CORE/src/Routing/Dispatcher.php, line 87
[main] - ROOT/webroot/index.php, line 36



2020-08-30 04:22:04 Notice: Notice (8): Undefined variable: User in [/var/www/html/pocake/src/Controller/UsersController.php, line 37]
Trace:
Cake\Error\BaseErrorHandler::handleError() - CORE/src/Error/BaseErrorHandler.php, line 140
App\Controller\UsersController::add() - APP/Controller/UsersController.php, line 37
Cake\Controller\Controller::invokeAction() - CORE/src/Controller/Controller.php, line 429
Cake\Routing\Dispatcher::_invoke() - CORE/src/Routing/Dispatcher.php, line 114
Cake\Routing\Dispatcher::dispatch() - CORE/src/Routing/Dispatcher.php, line 87
[main] - ROOT/webroot/index.php, line 36



2020-08-30 04:24:21 Notice: Notice (8): Undefined variable: User in [/var/www/html/pocake/src/Controller/UsersController.php, line 37]
Trace:
Cake\Error\BaseErrorHandler::handleError() - CORE/src/Error/BaseErrorHandler.php, line 140
App\Controller\UsersController::add() - APP/Controller/UsersController.php, line 37
Cake\Controller\Controller::invokeAction() - CORE/src/Controller/Controller.php, line 429
Cake\Routing\Dispatcher::_invoke() - CORE/src/Routing/Dispatcher.php, line 114
Cake\Routing\Dispatcher::dispatch() - CORE/src/Routing/Dispatcher.php, line 87
[main] - ROOT/webroot/index.php, line 36



2020-09-08 01:34:30 Notice: Notice (8): Undefined variable: nombre in [/var/www/html/pocake/src/Controller/UsersController.php, line 24]
Trace:
Cake\Error\BaseErrorHandler::handleError() - CORE/src/Error/BaseErrorHandler.php, line 140
App\Controller\UsersController::view() - APP/Controller/UsersController.php, line 24
Cake\Controller\Controller::invokeAction() - CORE/src/Controller/Controller.php, line 429
Cake\Routing\Dispatcher::_invoke() - CORE/src/Routing/Dispatcher.php, line 114
Cake\Routing\Dispatcher::dispatch() - CORE/src/Routing/Dispatcher.php, line 87
[main] - ROOT/webroot/index.php, line 36



2020-11-11 02:06:51 Notice: Notice (8): Undefined variable: nombre in [/var/www/html/pocake/src/Controller/UsersController.php, line 49]
Trace:
Cake\Error\BaseErrorHandler::handleError() - CORE/src/Error/BaseErrorHandler.php, line 140
App\Controller\UsersController::view() - APP/Controller/UsersController.php, line 49
Cake\Controller\Controller::invokeAction() - CORE/src/Controller/Controller.php, line 429
Cake\Routing\Dispatcher::_invoke() - CORE/src/Routing/Dispatcher.php, line 114
Cake\Routing\Dispatcher::dispatch() - CORE/src/Routing/Dispatcher.php, line 87
[main] - ROOT/webroot/index.php, line 36



2020-11-11 02:07:05 Notice: Notice (8): Undefined index: Fist_name in [/var/www/html/pocake/src/Template/Users/home.ctp, line 1]
Trace:
Cake\Error\BaseErrorHandler::handleError() - CORE/src/Error/BaseErrorHandler.php, line 140
include - APP/Template/Users/home.ctp, line 1
Cake\View\View::_evaluate() - CORE/src/View/View.php, line 984
Cake\View\View::_render() - CORE/src/View/View.php, line 944
Cake\View\View::render() - CORE/src/View/View.php, line 579
Cake\Controller\Controller::render() - CORE/src/Controller/Controller.php, line 611
App\Controller\UsersController::home() - APP/Controller/UsersController.php, line 38
Cake\Controller\Controller::invokeAction() - CORE/src/Controller/Controller.php, line 429
Cake\Routing\Dispatcher::_invoke() - CORE/src/Routing/Dispatcher.php, line 114
Cake\Routing\Dispatcher::dispatch() - CORE/src/Routing/Dispatcher.php, line 87
[main] - ROOT/webroot/index.php, line 36



2020-11-11 02:07:19 Notice: Notice (8): Undefined index: Fist_name in [/var/www/html/pocake/src/Template/Users/home.ctp, line 1]
Trace:
Cake\Error\BaseErrorHandler::handleError() - CORE/src/Error/BaseErrorHandler.php, line 140
include - APP/Template/Users/home.ctp, line 1
Cake\View\View::_evaluate() - CORE/src/View/View.php, line 984
Cake\View\View::_render() - CORE/src/View/View.php, line 944
Cake\View\View::render() - CORE/src/View/View.php, line 579
Cake\Controller\Controller::render() - CORE/src/Controller/Controller.php, line 611
App\Controller\UsersController::home() - APP/Controller/UsersController.php, line 38
Cake\Controller\Controller::invokeAction() - CORE/src/Controller/Controller.php, line 429
Cake\Routing\Dispatcher::_invoke() - CORE/src/Routing/Dispatcher.php, line 114
Cake\Routing\Dispatcher::dispatch() - CORE/src/Routing/Dispatcher.php, line 87
[main] - ROOT/webroot/index.php, line 36



2020-11-11 02:09:23 Notice: Notice (8): Undefined index: fist_name in [/var/www/html/pocake/src/Template/Users/home.ctp, line 1]
Trace:
Cake\Error\BaseErrorHandler::handleError() - CORE/src/Error/BaseErrorHandler.php, line 140
include - APP/Template/Users/home.ctp, line 1
Cake\View\View::_evaluate() - CORE/src/View/View.php, line 984
Cake\View\View::_render() - CORE/src/View/View.php, line 944
Cake\View\View::render() - CORE/src/View/View.php, line 579
Cake\Controller\Controller::render() - CORE/src/Controller/Controller.php, line 611
App\Controller\UsersController::home() - APP/Controller/UsersController.php, line 38
Cake\Controller\Controller::invokeAction() - CORE/src/Controller/Controller.php, line 429
Cake\Routing\Dispatcher::_invoke() - CORE/src/Routing/Dispatcher.php, line 114
Cake\Routing\Dispatcher::dispatch() - CORE/src/Routing/Dispatcher.php, line 87
[main] - ROOT/webroot/index.php, line 36



2020-11-11 02:09:27 Notice: Notice (8): Undefined index: fist_name in [/var/www/html/pocake/src/Template/Users/home.ctp, line 1]
Trace:
Cake\Error\BaseErrorHandler::handleError() - CORE/src/Error/BaseErrorHandler.php, line 140
include - APP/Template/Users/home.ctp, line 1
Cake\View\View::_evaluate() - CORE/src/View/View.php, line 984
Cake\View\View::_render() - CORE/src/View/View.php, line 944
Cake\View\View::render() - CORE/src/View/View.php, line 579
Cake\Controller\Controller::render() - CORE/src/Controller/Controller.php, line 611
App\Controller\UsersController::home() - APP/Controller/UsersController.php, line 38
Cake\Controller\Controller::invokeAction() - CORE/src/Controller/Controller.php, line 429
Cake\Routing\Dispatcher::_invoke() - CORE/src/Routing/Dispatcher.php, line 114
Cake\Routing\Dispatcher::dispatch() - CORE/src/Routing/Dispatcher.php, line 87
[main] - ROOT/webroot/index.php, line 36



